<?xml version="1.0" encoding="UTF-8"?>
<testsuite xmlns:xsi="http://www.w3.org/2001/XMLSchema-instance" xsi:noNamespaceSchemaLocation="https://maven.apache.org/surefire/maven-surefire-plugin/xsd/surefire-test-report-3.0.xsd" version="3.0" name="org.owasp.webgoat.lessons.sqlinjection.introduction.SqlInjectionLesson8Test" time="1.092" tests="5" errors="0" skipped="0" failures="0">
  <properties>
    <property name="java.specification.version" value="21"/>
    <property name="sun.cpu.isalist" value="amd64"/>
    <property name="sun.jnu.encoding" value="Cp1252"/>
    <property name="java.class.path" value="C:\Users\RianRamosGomes\Downloads\WebGoat\target\test-classes;C:\Users\RianRamosGomes\Downloads\WebGoat\target\classes;C:\Users\RianRamosGomes\.m2\repository\org\apache\commons\commons-exec\1.3\commons-exec-1.3.jar;C:\Users\RianRamosGomes\.m2\repository\org\springframework\boot\spring-boot-starter-validation\3.1.5\spring-boot-starter-validation-3.1.5.jar;C:\Users\RianRamosGomes\.m2\repository\org\springframework\boot\spring-boot-starter\3.1.5\spring-boot-starter-3.1.5.jar;C:\Users\RianRamosGomes\.m2\repository\org\springframework\boot\spring-boot-autoconfigure\3.1.5\spring-boot-autoconfigure-3.1.5.jar;C:\Users\RianRamosGomes\.m2\repository\org\springframework\boot\spring-boot-starter-logging\3.1.5\spring-boot-starter-logging-3.1.5.jar;C:\Users\RianRamosGomes\.m2\repository\ch\qos\logback\logback-classic\1.4.11\logback-classic-1.4.11.jar;C:\Users\RianRamosGomes\.m2\repository\ch\qos\logback\logback-core\1.4.11\logback-core-1.4.11.jar;C:\Users\RianRamosGomes\.m2\repository\org\apache\logging\log4j\log4j-to-slf4j\2.20.0\log4j-to-slf4j-2.20.0.jar;C:\Users\RianRamosGomes\.m2\repository\org\apache\logging\log4j\log4j-api\2.20.0\log4j-api-2.20.0.jar;C:\Users\RianRamosGomes\.m2\repository\org\slf4j\jul-to-slf4j\2.0.9\jul-to-slf4j-2.0.9.jar;C:\Users\RianRamosGomes\.m2\repository\jakarta\annotation\jakarta.annotation-api\2.1.1\jakarta.annotation-api-2.1.1.jar;C:\Users\RianRamosGomes\.m2\repository\org\yaml\snakeyaml\1.33\snakeyaml-1.33.jar;C:\Users\RianRamosGomes\.m2\repository\org\apache\tomcat\embed\tomcat-embed-el\10.1.15\tomcat-embed-el-10.1.15.jar;C:\Users\RianRamosGomes\.m2\repository\org\hibernate\validator\hibernate-validator\8.0.1.Final\hibernate-validator-8.0.1.Final.jar;C:\Users\RianRamosGomes\.m2\repository\jakarta\validation\jakarta.validation-api\3.0.2\jakarta.validation-api-3.0.2.jar;C:\Users\RianRamosGomes\.m2\repository\org\jboss\logging\jboss-logging\3.5.3.Final\jboss-logging-3.5.3.Final.jar;C:\Users\RianRamosGomes\.m2\repository\com\fasterxml\classmate\1.5.1\classmate-1.5.1.jar;C:\Users\RianRamosGomes\.m2\repository\org\projectlombok\lombok\1.18.30\lombok-1.18.30.jar;C:\Users\RianRamosGomes\.m2\repository\javax\xml\bind\jaxb-api\2.3.1\jaxb-api-2.3.1.jar;C:\Users\RianRamosGomes\.m2\repository\javax\activation\javax.activation-api\1.2.0\javax.activation-api-1.2.0.jar;C:\Users\RianRamosGomes\.m2\repository\org\springframework\boot\spring-boot-starter-undertow\3.1.5\spring-boot-starter-undertow-3.1.5.jar;C:\Users\RianRamosGomes\.m2\repository\io\undertow\undertow-core\2.3.10.Final\undertow-core-2.3.10.Final.jar;C:\Users\RianRamosGomes\.m2\repository\org\jboss\xnio\xnio-api\3.8.8.Final\xnio-api-3.8.8.Final.jar;C:\Users\RianRamosGomes\.m2\repository\org\wildfly\common\wildfly-common\1.5.4.Final\wildfly-common-1.5.4.Final.jar;C:\Users\RianRamosGomes\.m2\repository\org\wildfly\client\wildfly-client-config\1.0.1.Final\wildfly-client-config-1.0.1.Final.jar;C:\Users\RianRamosGomes\.m2\repository\org\jboss\xnio\xnio-nio\3.8.8.Final\xnio-nio-3.8.8.Final.jar;C:\Users\RianRamosGomes\.m2\repository\org\jboss\threads\jboss-threads\3.5.0.Final\jboss-threads-3.5.0.Final.jar;C:\Users\RianRamosGomes\.m2\repository\io\undertow\undertow-servlet\2.3.10.Final\undertow-servlet-2.3.10.Final.jar;C:\Users\RianRamosGomes\.m2\repository\io\undertow\undertow-websockets-jsr\2.3.10.Final\undertow-websockets-jsr-2.3.10.Final.jar;C:\Users\RianRamosGomes\.m2\repository\jakarta\websocket\jakarta.websocket-api\2.1.1\jakarta.websocket-api-2.1.1.jar;C:\Users\RianRamosGomes\.m2\repository\jakarta\websocket\jakarta.websocket-client-api\2.1.1\jakarta.websocket-client-api-2.1.1.jar;C:\Users\RianRamosGomes\.m2\repository\org\springframework\boot\spring-boot-starter-web\3.1.5\spring-boot-starter-web-3.1.5.jar;C:\Users\RianRamosGomes\.m2\repository\org\springframework\boot\spring-boot-starter-json\3.1.5\spring-boot-starter-json-3.1.5.jar;C:\Users\RianRamosGomes\.m2\repository\com\fasterxml\jackson\datatype\jackson-datatype-jdk8\2.15.3\jackson-datatype-jdk8-2.15.3.jar;C:\Users\RianRamosGomes\.m2\repository\com\fasterxml\jackson\datatype\jackson-datatype-jsr310\2.15.3\jackson-datatype-jsr310-2.15.3.jar;C:\Users\RianRamosGomes\.m2\repository\com\fasterxml\jackson\module\jackson-module-parameter-names\2.15.3\jackson-module-parameter-names-2.15.3.jar;C:\Users\RianRamosGomes\.m2\repository\org\springframework\spring-web\6.0.13\spring-web-6.0.13.jar;C:\Users\RianRamosGomes\.m2\repository\org\springframework\spring-beans\6.0.13\spring-beans-6.0.13.jar;C:\Users\RianRamosGomes\.m2\repository\org\springframework\spring-webmvc\6.0.13\spring-webmvc-6.0.13.jar;C:\Users\RianRamosGomes\.m2\repository\org\springframework\spring-context\6.0.13\spring-context-6.0.13.jar;C:\Users\RianRamosGomes\.m2\repository\org\springframework\spring-expression\6.0.13\spring-expression-6.0.13.jar;C:\Users\RianRamosGomes\.m2\repository\org\springframework\boot\spring-boot-starter-actuator\3.1.5\spring-boot-starter-actuator-3.1.5.jar;C:\Users\RianRamosGomes\.m2\repository\org\springframework\boot\spring-boot-actuator-autoconfigure\3.1.5\spring-boot-actuator-autoconfigure-3.1.5.jar;C:\Users\RianRamosGomes\.m2\repository\org\springframework\boot\spring-boot-actuator\3.1.5\spring-boot-actuator-3.1.5.jar;C:\Users\RianRamosGomes\.m2\repository\io\micrometer\micrometer-observation\1.11.5\micrometer-observation-1.11.5.jar;C:\Users\RianRamosGomes\.m2\repository\io\micrometer\micrometer-commons\1.11.5\micrometer-commons-1.11.5.jar;C:\Users\RianRamosGomes\.m2\repository\io\micrometer\micrometer-core\1.11.5\micrometer-core-1.11.5.jar;C:\Users\RianRamosGomes\.m2\repository\org\hdrhistogram\HdrHistogram\2.1.12\HdrHistogram-2.1.12.jar;C:\Users\RianRamosGomes\.m2\repository\org\latencyutils\LatencyUtils\2.0.3\LatencyUtils-2.0.3.jar;C:\Users\RianRamosGomes\.m2\repository\org\flywaydb\flyway-core\9.16.3\flyway-core-9.16.3.jar;C:\Users\RianRamosGomes\.m2\repository\com\fasterxml\jackson\dataformat\jackson-dataformat-toml\2.15.3\jackson-dataformat-toml-2.15.3.jar;C:\Users\RianRamosGomes\.m2\repository\org\asciidoctor\asciidoctorj\2.5.10\asciidoctorj-2.5.10.jar;C:\Users\RianRamosGomes\.m2\repository\org\asciidoctor\asciidoctorj-api\2.5.10\asciidoctorj-api-2.5.10.jar;C:\Users\RianRamosGomes\.m2\repository\org\jruby\jruby\9.4.3.0\jruby-9.4.3.0.jar;C:\Users\RianRamosGomes\.m2\repository\org\jruby\jruby-base\9.4.3.0\jruby-base-9.4.3.0.jar;C:\Users\RianRamosGomes\.m2\repository\org\ow2\asm\asm-commons\9.2\asm-commons-9.2.jar;C:\Users\RianRamosGomes\.m2\repository\org\ow2\asm\asm-tree\9.2\asm-tree-9.2.jar;C:\Users\RianRamosGomes\.m2\repository\org\ow2\asm\asm-analysis\9.2\asm-analysis-9.2.jar;C:\Users\RianRamosGomes\.m2\repository\org\ow2\asm\asm-util\9.2\asm-util-9.2.jar;C:\Users\RianRamosGomes\.m2\repository\com\github\jnr\jnr-netdb\1.2.0\jnr-netdb-1.2.0.jar;C:\Users\RianRamosGomes\.m2\repository\com\github\jnr\jnr-enxio\0.32.15\jnr-enxio-0.32.15.jar;C:\Users\RianRamosGomes\.m2\repository\com\github\jnr\jnr-unixsocket\0.38.20\jnr-unixsocket-0.38.20.jar;C:\Users\RianRamosGomes\.m2\repository\com\github\jnr\jnr-posix\3.1.17\jnr-posix-3.1.17.jar;C:\Users\RianRamosGomes\.m2\repository\com\github\jnr\jnr-constants\0.10.4\jnr-constants-0.10.4.jar;C:\Users\RianRamosGomes\.m2\repository\com\github\jnr\jnr-ffi\2.2.14\jnr-ffi-2.2.14.jar;C:\Users\RianRamosGomes\.m2\repository\com\github\jnr\jnr-a64asm\1.0.0\jnr-a64asm-1.0.0.jar;C:\Users\RianRamosGomes\.m2\repository\com\github\jnr\jnr-x86asm\1.0.2\jnr-x86asm-1.0.2.jar;C:\Users\RianRamosGomes\.m2\repository\com\github\jnr\jffi\1.3.11\jffi-1.3.11.jar;C:\Users\RianRamosGomes\.m2\repository\com\github\jnr\jffi\1.3.11\jffi-1.3.11-native.jar;C:\Users\RianRamosGomes\.m2\repository\org\jruby\joni\joni\2.2.1\joni-2.2.1.jar;C:\Users\RianRamosGomes\.m2\repository\org\jruby\jcodings\jcodings\1.0.58\jcodings-1.0.58.jar;C:\Users\RianRamosGomes\.m2\repository\org\jruby\dirgra\0.3\dirgra-0.3.jar;C:\Users\RianRamosGomes\.m2\repository\com\headius\invokebinder\1.13\invokebinder-1.13.jar;C:\Users\RianRamosGomes\.m2\repository\com\headius\options\1.6\options-1.6.jar;C:\Users\RianRamosGomes\.m2\repository\org\jruby\jzlib\1.1.5\jzlib-1.1.5.jar;C:\Users\RianRamosGomes\.m2\repository\joda-time\joda-time\2.12.5\joda-time-2.12.5.jar;C:\Users\RianRamosGomes\.m2\repository\me\qmx\jitescript\jitescript\0.4.1\jitescript-0.4.1.jar;C:\Users\RianRamosGomes\.m2\repository\com\headius\backport9\1.13\backport9-1.13.jar;C:\Users\RianRamosGomes\.m2\repository\org\jruby\jruby-stdlib\9.4.3.0\jruby-stdlib-9.4.3.0.jar;C:\Users\RianRamosGomes\.m2\repository\com\beust\jcommander\1.82\jcommander-1.82.jar;C:\Users\RianRamosGomes\.m2\repository\org\springframework\boot\spring-boot-starter-data-jpa\3.1.5\spring-boot-starter-data-jpa-3.1.5.jar;C:\Users\RianRamosGomes\.m2\repository\org\springframework\boot\spring-boot-starter-aop\3.1.5\spring-boot-starter-aop-3.1.5.jar;C:\Users\RianRamosGomes\.m2\repository\org\aspectj\aspectjweaver\1.9.20\aspectjweaver-1.9.20.jar;C:\Users\RianRamosGomes\.m2\repository\org\springframework\boot\spring-boot-starter-jdbc\3.1.5\spring-boot-starter-jdbc-3.1.5.jar;C:\Users\RianRamosGomes\.m2\repository\com\zaxxer\HikariCP\5.0.1\HikariCP-5.0.1.jar;C:\Users\RianRamosGomes\.m2\repository\org\springframework\spring-jdbc\6.0.13\spring-jdbc-6.0.13.jar;C:\Users\RianRamosGomes\.m2\repository\org\hibernate\orm\hibernate-core\6.2.13.Final\hibernate-core-6.2.13.Final.jar;C:\Users\RianRamosGomes\.m2\repository\jakarta\persistence\jakarta.persistence-api\3.1.0\jakarta.persistence-api-3.1.0.jar;C:\Users\RianRamosGomes\.m2\repository\jakarta\transaction\jakarta.transaction-api\2.0.1\jakarta.transaction-api-2.0.1.jar;C:\Users\RianRamosGomes\.m2\repository\org\hibernate\common\hibernate-commons-annotations\6.0.6.Final\hibernate-commons-annotations-6.0.6.Final.jar;C:\Users\RianRamosGomes\.m2\repository\io\smallrye\jandex\3.0.5\jandex-3.0.5.jar;C:\Users\RianRamosGomes\.m2\repository\net\bytebuddy\byte-buddy\1.14.9\byte-buddy-1.14.9.jar;C:\Users\RianRamosGomes\.m2\repository\org\glassfish\jaxb\jaxb-runtime\4.0.3\jaxb-runtime-4.0.3.jar;C:\Users\RianRamosGomes\.m2\repository\org\glassfish\jaxb\jaxb-core\4.0.3\jaxb-core-4.0.3.jar;C:\Users\RianRamosGomes\.m2\repository\org\glassfish\jaxb\txw2\4.0.3\txw2-4.0.3.jar;C:\Users\RianRamosGomes\.m2\repository\com\sun\istack\istack-commons-runtime\4.1.2\istack-commons-runtime-4.1.2.jar;C:\Users\RianRamosGomes\.m2\repository\jakarta\inject\jakarta.inject-api\2.0.1\jakarta.inject-api-2.0.1.jar;C:\Users\RianRamosGomes\.m2\repository\org\antlr\antlr4-runtime\4.10.1\antlr4-runtime-4.10.1.jar;C:\Users\RianRamosGomes\.m2\repository\org\springframework\data\spring-data-jpa\3.1.5\spring-data-jpa-3.1.5.jar;C:\Users\RianRamosGomes\.m2\repository\org\springframework\data\spring-data-commons\3.1.5\spring-data-commons-3.1.5.jar;C:\Users\RianRamosGomes\.m2\repository\org\springframework\spring-orm\6.0.13\spring-orm-6.0.13.jar;C:\Users\RianRamosGomes\.m2\repository\org\springframework\spring-tx\6.0.13\spring-tx-6.0.13.jar;C:\Users\RianRamosGomes\.m2\repository\org\springframework\spring-aspects\6.0.13\spring-aspects-6.0.13.jar;C:\Users\RianRamosGomes\.m2\repository\org\springframework\boot\spring-boot-starter-security\3.1.5\spring-boot-starter-security-3.1.5.jar;C:\Users\RianRamosGomes\.m2\repository\org\springframework\spring-aop\6.0.13\spring-aop-6.0.13.jar;C:\Users\RianRamosGomes\.m2\repository\org\springframework\security\spring-security-config\6.1.5\spring-security-config-6.1.5.jar;C:\Users\RianRamosGomes\.m2\repository\org\springframework\security\spring-security-web\6.1.5\spring-security-web-6.1.5.jar;C:\Users\RianRamosGomes\.m2\repository\org\springframework\boot\spring-boot-starter-thymeleaf\3.1.5\spring-boot-starter-thymeleaf-3.1.5.jar;C:\Users\RianRamosGomes\.m2\repository\org\thymeleaf\thymeleaf-spring6\3.1.1.RELEASE\thymeleaf-spring6-3.1.1.RELEASE.jar;C:\Users\RianRamosGomes\.m2\repository\org\thymeleaf\thymeleaf\3.1.1.RELEASE\thymeleaf-3.1.1.RELEASE.jar;C:\Users\RianRamosGomes\.m2\repository\org\attoparser\attoparser\2.0.6.RELEASE\attoparser-2.0.6.RELEASE.jar;C:\Users\RianRamosGomes\.m2\repository\org\unbescape\unbescape\1.1.6.RELEASE\unbescape-1.1.6.RELEASE.jar;C:\Users\RianRamosGomes\.m2\repository\org\thymeleaf\extras\thymeleaf-extras-springsecurity6\3.1.2.RELEASE\thymeleaf-extras-springsecurity6-3.1.2.RELEASE.jar;C:\Users\RianRamosGomes\.m2\repository\org\slf4j\slf4j-api\2.0.9\slf4j-api-2.0.9.jar;C:\Users\RianRamosGomes\.m2\repository\jakarta\servlet\jakarta.servlet-api\6.0.0\jakarta.servlet-api-6.0.0.jar;C:\Users\RianRamosGomes\.m2\repository\org\hsqldb\hsqldb\2.7.2\hsqldb-2.7.2.jar;C:\Users\RianRamosGomes\.m2\repository\org\jsoup\jsoup\1.16.1\jsoup-1.16.1.jar;C:\Users\RianRamosGomes\.m2\repository\com\nulab-inc\zxcvbn\1.8.0\zxcvbn-1.8.0.jar;C:\Users\RianRamosGomes\.m2\repository\com\thoughtworks\xstream\xstream\1.4.5\xstream-1.4.5.jar;C:\Users\RianRamosGomes\.m2\repository\xmlpull\xmlpull\1.1.3.1\xmlpull-1.1.3.1.jar;C:\Users\RianRamosGomes\.m2\repository\xpp3\xpp3_min\1.1.4c\xpp3_min-1.1.4c.jar;C:\Users\RianRamosGomes\.m2\repository\cglib\cglib-nodep\3.3.0\cglib-nodep-3.3.0.jar;C:\Users\RianRamosGomes\.m2\repository\xml-resolver\xml-resolver\1.2\xml-resolver-1.2.jar;C:\Users\RianRamosGomes\.m2\repository\io\jsonwebtoken\jjwt\0.9.1\jjwt-0.9.1.jar;C:\Users\RianRamosGomes\.m2\repository\com\fasterxml\jackson\core\jackson-databind\2.15.3\jackson-databind-2.15.3.jar;C:\Users\RianRamosGomes\.m2\repository\com\auth0\jwks-rsa\0.22.1\jwks-rsa-0.22.1.jar;C:\Users\RianRamosGomes\.m2\repository\com\auth0\java-jwt\4.4.0\java-jwt-4.4.0.jar;C:\Users\RianRamosGomes\.m2\repository\com\google\guava\guava\32.1.3-jre\guava-32.1.3-jre.jar;C:\Users\RianRamosGomes\.m2\repository\com\google\guava\failureaccess\1.0.1\failureaccess-1.0.1.jar;C:\Users\RianRamosGomes\.m2\repository\com\google\guava\listenablefuture\9999.0-empty-to-avoid-conflict-with-guava\listenablefuture-9999.0-empty-to-avoid-conflict-with-guava.jar;C:\Users\RianRamosGomes\.m2\repository\com\google\code\findbugs\jsr305\3.0.2\jsr305-3.0.2.jar;C:\Users\RianRamosGomes\.m2\repository\org\checkerframework\checker-qual\3.37.0\checker-qual-3.37.0.jar;C:\Users\RianRamosGomes\.m2\repository\com\google\errorprone\error_prone_annotations\2.21.1\error_prone_annotations-2.21.1.jar;C:\Users\RianRamosGomes\.m2\repository\com\google\j2objc\j2objc-annotations\2.8\j2objc-annotations-2.8.jar;C:\Users\RianRamosGomes\.m2\repository\commons-io\commons-io\2.14.0\commons-io-2.14.0.jar;C:\Users\RianRamosGomes\.m2\repository\org\apache\commons\commons-lang3\3.12.0\commons-lang3-3.12.0.jar;C:\Users\RianRamosGomes\.m2\repository\org\apache\commons\commons-text\1.10.0\commons-text-1.10.0.jar;C:\Users\RianRamosGomes\.m2\repository\org\bitbucket\b_c\jose4j\0.9.3\jose4j-0.9.3.jar;C:\Users\RianRamosGomes\.m2\repository\org\webjars\bootstrap\3.4.1\bootstrap-3.4.1.jar;C:\Users\RianRamosGomes\.m2\repository\org\webjars\jquery\3.7.0\jquery-3.7.0.jar;C:\Users\RianRamosGomes\.m2\repository\org\webjars\webjars-locator-core\0.53\webjars-locator-core-0.53.jar;C:\Users\RianRamosGomes\.m2\repository\io\github\classgraph\classgraph\4.8.149\classgraph-4.8.149.jar;C:\Users\RianRamosGomes\.m2\repository\com\fasterxml\jackson\core\jackson-core\2.15.3\jackson-core-2.15.3.jar;C:\Users\RianRamosGomes\.m2\repository\jakarta\xml\bind\jakarta.xml.bind-api\4.0.1\jakarta.xml.bind-api-4.0.1.jar;C:\Users\RianRamosGomes\.m2\repository\jakarta\activation\jakarta.activation-api\2.1.2\jakarta.activation-api-2.1.2.jar;C:\Users\RianRamosGomes\.m2\repository\com\sun\xml\bind\jaxb-impl\4.0.3\jaxb-impl-4.0.3.jar;C:\Users\RianRamosGomes\.m2\repository\com\sun\xml\bind\jaxb-core\4.0.3\jaxb-core-4.0.3.jar;C:\Users\RianRamosGomes\.m2\repository\org\eclipse\angus\angus-activation\2.0.1\angus-activation-2.0.1.jar;C:\Users\RianRamosGomes\.m2\repository\org\springframework\boot\spring-boot-starter-test\3.1.5\spring-boot-starter-test-3.1.5.jar;C:\Users\RianRamosGomes\.m2\repository\org\springframework\boot\spring-boot-test\3.1.5\spring-boot-test-3.1.5.jar;C:\Users\RianRamosGomes\.m2\repository\org\springframework\boot\spring-boot-test-autoconfigure\3.1.5\spring-boot-test-autoconfigure-3.1.5.jar;C:\Users\RianRamosGomes\.m2\repository\com\jayway\jsonpath\json-path\2.8.0\json-path-2.8.0.jar;C:\Users\RianRamosGomes\.m2\repository\net\minidev\json-smart\2.4.11\json-smart-2.4.11.jar;C:\Users\RianRamosGomes\.m2\repository\net\minidev\accessors-smart\2.4.11\accessors-smart-2.4.11.jar;C:\Users\RianRamosGomes\.m2\repository\org\assertj\assertj-core\3.24.2\assertj-core-3.24.2.jar;C:\Users\RianRamosGomes\.m2\repository\org\hamcrest\hamcrest\2.2\hamcrest-2.2.jar;C:\Users\RianRamosGomes\.m2\repository\org\junit\jupiter\junit-jupiter\5.9.3\junit-jupiter-5.9.3.jar;C:\Users\RianRamosGomes\.m2\repository\org\junit\jupiter\junit-jupiter-api\5.9.3\junit-jupiter-api-5.9.3.jar;C:\Users\RianRamosGomes\.m2\repository\org\opentest4j\opentest4j\1.2.0\opentest4j-1.2.0.jar;C:\Users\RianRamosGomes\.m2\repository\org\junit\platform\junit-platform-commons\1.9.3\junit-platform-commons-1.9.3.jar;C:\Users\RianRamosGomes\.m2\repository\org\apiguardian\apiguardian-api\1.1.2\apiguardian-api-1.1.2.jar;C:\Users\RianRamosGomes\.m2\repository\org\junit\jupiter\junit-jupiter-params\5.9.3\junit-jupiter-params-5.9.3.jar;C:\Users\RianRamosGomes\.m2\repository\org\junit\jupiter\junit-jupiter-engine\5.9.3\junit-jupiter-engine-5.9.3.jar;C:\Users\RianRamosGomes\.m2\repository\org\junit\platform\junit-platform-engine\1.9.3\junit-platform-engine-1.9.3.jar;C:\Users\RianRamosGomes\.m2\repository\org\mockito\mockito-core\5.3.1\mockito-core-5.3.1.jar;C:\Users\RianRamosGomes\.m2\repository\net\bytebuddy\byte-buddy-agent\1.14.9\byte-buddy-agent-1.14.9.jar;C:\Users\RianRamosGomes\.m2\repository\org\objenesis\objenesis\3.3\objenesis-3.3.jar;C:\Users\RianRamosGomes\.m2\repository\org\mockito\mockito-junit-jupiter\5.3.1\mockito-junit-jupiter-5.3.1.jar;C:\Users\RianRamosGomes\.m2\repository\org\skyscreamer\jsonassert\1.5.1\jsonassert-1.5.1.jar;C:\Users\RianRamosGomes\.m2\repository\com\vaadin\external\google\android-json\0.0.20131108.vaadin1\android-json-0.0.20131108.vaadin1.jar;C:\Users\RianRamosGomes\.m2\repository\org\springframework\spring-core\6.0.13\spring-core-6.0.13.jar;C:\Users\RianRamosGomes\.m2\repository\org\springframework\spring-jcl\6.0.13\spring-jcl-6.0.13.jar;C:\Users\RianRamosGomes\.m2\repository\org\springframework\spring-test\6.0.13\spring-test-6.0.13.jar;C:\Users\RianRamosGomes\.m2\repository\org\xmlunit\xmlunit-core\2.9.1\xmlunit-core-2.9.1.jar;C:\Users\RianRamosGomes\.m2\repository\org\springframework\security\spring-security-test\6.1.5\spring-security-test-6.1.5.jar;C:\Users\RianRamosGomes\.m2\repository\org\springframework\security\spring-security-core\6.1.5\spring-security-core-6.1.5.jar;C:\Users\RianRamosGomes\.m2\repository\org\springframework\security\spring-security-crypto\6.1.5\spring-security-crypto-6.1.5.jar;C:\Users\RianRamosGomes\.m2\repository\com\github\tomakehurst\wiremock\3.0.0-beta-2\wiremock-3.0.0-beta-2.jar;C:\Users\RianRamosGomes\.m2\repository\org\eclipse\jetty\jetty-server\11.0.17\jetty-server-11.0.17.jar;C:\Users\RianRamosGomes\.m2\repository\org\eclipse\jetty\toolchain\jetty-jakarta-servlet-api\5.0.2\jetty-jakarta-servlet-api-5.0.2.jar;C:\Users\RianRamosGomes\.m2\repository\org\eclipse\jetty\jetty-http\11.0.17\jetty-http-11.0.17.jar;C:\Users\RianRamosGomes\.m2\repository\org\eclipse\jetty\jetty-io\11.0.17\jetty-io-11.0.17.jar;C:\Users\RianRamosGomes\.m2\repository\org\eclipse\jetty\jetty-servlet\11.0.17\jetty-servlet-11.0.17.jar;C:\Users\RianRamosGomes\.m2\repository\org\eclipse\jetty\jetty-security\11.0.17\jetty-security-11.0.17.jar;C:\Users\RianRamosGomes\.m2\repository\org\eclipse\jetty\jetty-servlets\11.0.17\jetty-servlets-11.0.17.jar;C:\Users\RianRamosGomes\.m2\repository\org\eclipse\jetty\jetty-util\11.0.17\jetty-util-11.0.17.jar;C:\Users\RianRamosGomes\.m2\repository\org\eclipse\jetty\jetty-webapp\11.0.17\jetty-webapp-11.0.17.jar;C:\Users\RianRamosGomes\.m2\repository\org\eclipse\jetty\jetty-xml\11.0.17\jetty-xml-11.0.17.jar;C:\Users\RianRamosGomes\.m2\repository\org\eclipse\jetty\jetty-proxy\11.0.17\jetty-proxy-11.0.17.jar;C:\Users\RianRamosGomes\.m2\repository\org\eclipse\jetty\jetty-client\11.0.17\jetty-client-11.0.17.jar;C:\Users\RianRamosGomes\.m2\repository\org\eclipse\jetty\http2\http2-server\11.0.17\http2-server-11.0.17.jar;C:\Users\RianRamosGomes\.m2\repository\org\eclipse\jetty\http2\http2-common\11.0.17\http2-common-11.0.17.jar;C:\Users\RianRamosGomes\.m2\repository\org\eclipse\jetty\http2\http2-hpack\11.0.17\http2-hpack-11.0.17.jar;C:\Users\RianRamosGomes\.m2\repository\org\eclipse\jetty\jetty-alpn-server\11.0.17\jetty-alpn-server-11.0.17.jar;C:\Users\RianRamosGomes\.m2\repository\org\eclipse\jetty\jetty-alpn-java-server\11.0.17\jetty-alpn-java-server-11.0.17.jar;C:\Users\RianRamosGomes\.m2\repository\org\eclipse\jetty\jetty-alpn-java-client\11.0.17\jetty-alpn-java-client-11.0.17.jar;C:\Users\RianRamosGomes\.m2\repository\org\eclipse\jetty\jetty-alpn-client\11.0.17\jetty-alpn-client-11.0.17.jar;C:\Users\RianRamosGomes\.m2\repository\com\fasterxml\jackson\core\jackson-annotations\2.15.3\jackson-annotations-2.15.3.jar;C:\Users\RianRamosGomes\.m2\repository\org\apache\httpcomponents\client5\httpclient5\5.2.1\httpclient5-5.2.1.jar;C:\Users\RianRamosGomes\.m2\repository\org\apache\httpcomponents\core5\httpcore5\5.2.3\httpcore5-5.2.3.jar;C:\Users\RianRamosGomes\.m2\repository\org\apache\httpcomponents\core5\httpcore5-h2\5.2.3\httpcore5-h2-5.2.3.jar;C:\Users\RianRamosGomes\.m2\repository\org\xmlunit\xmlunit-legacy\2.9.1\xmlunit-legacy-2.9.1.jar;C:\Users\RianRamosGomes\.m2\repository\org\xmlunit\xmlunit-placeholders\2.9.1\xmlunit-placeholders-2.9.1.jar;C:\Users\RianRamosGomes\.m2\repository\net\javacrumbs\json-unit\json-unit-core\2.36.0\json-unit-core-2.36.0.jar;C:\Users\RianRamosGomes\.m2\repository\org\hamcrest\hamcrest-core\2.2\hamcrest-core-2.2.jar;C:\Users\RianRamosGomes\.m2\repository\org\ow2\asm\asm\9.5\asm-9.5.jar;C:\Users\RianRamosGomes\.m2\repository\net\sf\jopt-simple\jopt-simple\5.0.4\jopt-simple-5.0.4.jar;C:\Users\RianRamosGomes\.m2\repository\com\github\jknack\handlebars\4.3.1\handlebars-4.3.1.jar;C:\Users\RianRamosGomes\.m2\repository\com\github\jknack\handlebars-helpers\4.3.1\handlebars-helpers-4.3.1.jar;C:\Users\RianRamosGomes\.m2\repository\commons-fileupload\commons-fileupload\1.4\commons-fileupload-1.4.jar;C:\Users\RianRamosGomes\.m2\repository\io\rest-assured\rest-assured\5.3.2\rest-assured-5.3.2.jar;C:\Users\RianRamosGomes\.m2\repository\org\apache\groovy\groovy\4.0.15\groovy-4.0.15.jar;C:\Users\RianRamosGomes\.m2\repository\org\apache\groovy\groovy-xml\4.0.15\groovy-xml-4.0.15.jar;C:\Users\RianRamosGomes\.m2\repository\org\apache\httpcomponents\httpclient\4.5.13\httpclient-4.5.13.jar;C:\Users\RianRamosGomes\.m2\repository\org\apache\httpcomponents\httpcore\4.4.16\httpcore-4.4.16.jar;C:\Users\RianRamosGomes\.m2\repository\commons-logging\commons-logging\1.2\commons-logging-1.2.jar;C:\Users\RianRamosGomes\.m2\repository\commons-codec\commons-codec\1.15\commons-codec-1.15.jar;C:\Users\RianRamosGomes\.m2\repository\org\apache\httpcomponents\httpmime\4.5.13\httpmime-4.5.13.jar;C:\Users\RianRamosGomes\.m2\repository\org\ccil\cowan\tagsoup\tagsoup\1.2.1\tagsoup-1.2.1.jar;C:\Users\RianRamosGomes\.m2\repository\io\rest-assured\json-path\5.3.2\json-path-5.3.2.jar;C:\Users\RianRamosGomes\.m2\repository\org\apache\groovy\groovy-json\4.0.15\groovy-json-4.0.15.jar;C:\Users\RianRamosGomes\.m2\repository\io\rest-assured\rest-assured-common\5.3.2\rest-assured-common-5.3.2.jar;C:\Users\RianRamosGomes\.m2\repository\io\rest-assured\xml-path\5.3.2\xml-path-5.3.2.jar;C:\Users\RianRamosGomes\.m2\repository\org\springframework\boot\spring-boot-properties-migrator\3.1.5\spring-boot-properties-migrator-3.1.5.jar;C:\Users\RianRamosGomes\.m2\repository\org\springframework\boot\spring-boot\3.1.5\spring-boot-3.1.5.jar;C:\Users\RianRamosGomes\.m2\repository\org\springframework\boot\spring-boot-configuration-metadata\3.1.5\spring-boot-configuration-metadata-3.1.5.jar;"/>
    <property name="java.vm.vendor" value="Oracle Corporation"/>
    <property name="sun.arch.data.model" value="64"/>
    <property name="user.variant" value=""/>
    <property name="java.vendor.url" value="https://java.oracle.com/"/>
    <property name="user.timezone" value="America/Sao_Paulo"/>
    <property name="org.jboss.logging.provider" value="slf4j"/>
    <property name="os.name" value="Windows 10"/>
    <property name="java.vm.specification.version" value="21"/>
    <property name="sun.java.launcher" value="SUN_STANDARD"/>
    <property name="user.country" value="BR"/>
    <property name="sun.boot.library.path" value="C:\tools\jdk-21_windows-x64_bin\jdk-21.0.1\bin"/>
    <property name="sun.java.command" value="C:\Users\RianRamosGomes\AppData\Local\Temp\surefire4960187997480887985\surefirebooter-20240327162158051_3.jar C:\Users\RianRamosGomes\AppData\Local\Temp\surefire4960187997480887985 2024-03-27T16-21-57_895-jvmRun1 surefire-20240327162158051_1tmp surefire_0-20240327162158051_2tmp"/>
    <property name="jdk.debug" value="release"/>
    <property name="surefire.test.class.path" value="C:\Users\RianRamosGomes\Downloads\WebGoat\target\test-classes;C:\Users\RianRamosGomes\Downloads\WebGoat\target\classes;C:\Users\RianRamosGomes\.m2\repository\org\apache\commons\commons-exec\1.3\commons-exec-1.3.jar;C:\Users\RianRamosGomes\.m2\repository\org\springframework\boot\spring-boot-starter-validation\3.1.5\spring-boot-starter-validation-3.1.5.jar;C:\Users\RianRamosGomes\.m2\repository\org\springframework\boot\spring-boot-starter\3.1.5\spring-boot-starter-3.1.5.jar;C:\Users\RianRamosGomes\.m2\repository\org\springframework\boot\spring-boot-autoconfigure\3.1.5\spring-boot-autoconfigure-3.1.5.jar;C:\Users\RianRamosGomes\.m2\repository\org\springframework\boot\spring-boot-starter-logging\3.1.5\spring-boot-starter-logging-3.1.5.jar;C:\Users\RianRamosGomes\.m2\repository\ch\qos\logback\logback-classic\1.4.11\logback-classic-1.4.11.jar;C:\Users\RianRamosGomes\.m2\repository\ch\qos\logback\logback-core\1.4.11\logback-core-1.4.11.jar;C:\Users\RianRamosGomes\.m2\repository\org\apache\logging\log4j\log4j-to-slf4j\2.20.0\log4j-to-slf4j-2.20.0.jar;C:\Users\RianRamosGomes\.m2\repository\org\apache\logging\log4j\log4j-api\2.20.0\log4j-api-2.20.0.jar;C:\Users\RianRamosGomes\.m2\repository\org\slf4j\jul-to-slf4j\2.0.9\jul-to-slf4j-2.0.9.jar;C:\Users\RianRamosGomes\.m2\repository\jakarta\annotation\jakarta.annotation-api\2.1.1\jakarta.annotation-api-2.1.1.jar;C:\Users\RianRamosGomes\.m2\repository\org\yaml\snakeyaml\1.33\snakeyaml-1.33.jar;C:\Users\RianRamosGomes\.m2\repository\org\apache\tomcat\embed\tomcat-embed-el\10.1.15\tomcat-embed-el-10.1.15.jar;C:\Users\RianRamosGomes\.m2\repository\org\hibernate\validator\hibernate-validator\8.0.1.Final\hibernate-validator-8.0.1.Final.jar;C:\Users\RianRamosGomes\.m2\repository\jakarta\validation\jakarta.validation-api\3.0.2\jakarta.validation-api-3.0.2.jar;C:\Users\RianRamosGomes\.m2\repository\org\jboss\logging\jboss-logging\3.5.3.Final\jboss-logging-3.5.3.Final.jar;C:\Users\RianRamosGomes\.m2\repository\com\fasterxml\classmate\1.5.1\classmate-1.5.1.jar;C:\Users\RianRamosGomes\.m2\repository\org\projectlombok\lombok\1.18.30\lombok-1.18.30.jar;C:\Users\RianRamosGomes\.m2\repository\javax\xml\bind\jaxb-api\2.3.1\jaxb-api-2.3.1.jar;C:\Users\RianRamosGomes\.m2\repository\javax\activation\javax.activation-api\1.2.0\javax.activation-api-1.2.0.jar;C:\Users\RianRamosGomes\.m2\repository\org\springframework\boot\spring-boot-starter-undertow\3.1.5\spring-boot-starter-undertow-3.1.5.jar;C:\Users\RianRamosGomes\.m2\repository\io\undertow\undertow-core\2.3.10.Final\undertow-core-2.3.10.Final.jar;C:\Users\RianRamosGomes\.m2\repository\org\jboss\xnio\xnio-api\3.8.8.Final\xnio-api-3.8.8.Final.jar;C:\Users\RianRamosGomes\.m2\repository\org\wildfly\common\wildfly-common\1.5.4.Final\wildfly-common-1.5.4.Final.jar;C:\Users\RianRamosGomes\.m2\repository\org\wildfly\client\wildfly-client-config\1.0.1.Final\wildfly-client-config-1.0.1.Final.jar;C:\Users\RianRamosGomes\.m2\repository\org\jboss\xnio\xnio-nio\3.8.8.Final\xnio-nio-3.8.8.Final.jar;C:\Users\RianRamosGomes\.m2\repository\org\jboss\threads\jboss-threads\3.5.0.Final\jboss-threads-3.5.0.Final.jar;C:\Users\RianRamosGomes\.m2\repository\io\undertow\undertow-servlet\2.3.10.Final\undertow-servlet-2.3.10.Final.jar;C:\Users\RianRamosGomes\.m2\repository\io\undertow\undertow-websockets-jsr\2.3.10.Final\undertow-websockets-jsr-2.3.10.Final.jar;C:\Users\RianRamosGomes\.m2\repository\jakarta\websocket\jakarta.websocket-api\2.1.1\jakarta.websocket-api-2.1.1.jar;C:\Users\RianRamosGomes\.m2\repository\jakarta\websocket\jakarta.websocket-client-api\2.1.1\jakarta.websocket-client-api-2.1.1.jar;C:\Users\RianRamosGomes\.m2\repository\org\springframework\boot\spring-boot-starter-web\3.1.5\spring-boot-starter-web-3.1.5.jar;C:\Users\RianRamosGomes\.m2\repository\org\springframework\boot\spring-boot-starter-json\3.1.5\spring-boot-starter-json-3.1.5.jar;C:\Users\RianRamosGomes\.m2\repository\com\fasterxml\jackson\datatype\jackson-datatype-jdk8\2.15.3\jackson-datatype-jdk8-2.15.3.jar;C:\Users\RianRamosGomes\.m2\repository\com\fasterxml\jackson\datatype\jackson-datatype-jsr310\2.15.3\jackson-datatype-jsr310-2.15.3.jar;C:\Users\RianRamosGomes\.m2\repository\com\fasterxml\jackson\module\jackson-module-parameter-names\2.15.3\jackson-module-parameter-names-2.15.3.jar;C:\Users\RianRamosGomes\.m2\repository\org\springframework\spring-web\6.0.13\spring-web-6.0.13.jar;C:\Users\RianRamosGomes\.m2\repository\org\springframework\spring-beans\6.0.13\spring-beans-6.0.13.jar;C:\Users\RianRamosGomes\.m2\repository\org\springframework\spring-webmvc\6.0.13\spring-webmvc-6.0.13.jar;C:\Users\RianRamosGomes\.m2\repository\org\springframework\spring-context\6.0.13\spring-context-6.0.13.jar;C:\Users\RianRamosGomes\.m2\repository\org\springframework\spring-expression\6.0.13\spring-expression-6.0.13.jar;C:\Users\RianRamosGomes\.m2\repository\org\springframework\boot\spring-boot-starter-actuator\3.1.5\spring-boot-starter-actuator-3.1.5.jar;C:\Users\RianRamosGomes\.m2\repository\org\springframework\boot\spring-boot-actuator-autoconfigure\3.1.5\spring-boot-actuator-autoconfigure-3.1.5.jar;C:\Users\RianRamosGomes\.m2\repository\org\springframework\boot\spring-boot-actuator\3.1.5\spring-boot-actuator-3.1.5.jar;C:\Users\RianRamosGomes\.m2\repository\io\micrometer\micrometer-observation\1.11.5\micrometer-observation-1.11.5.jar;C:\Users\RianRamosGomes\.m2\repository\io\micrometer\micrometer-commons\1.11.5\micrometer-commons-1.11.5.jar;C:\Users\RianRamosGomes\.m2\repository\io\micrometer\micrometer-core\1.11.5\micrometer-core-1.11.5.jar;C:\Users\RianRamosGomes\.m2\repository\org\hdrhistogram\HdrHistogram\2.1.12\HdrHistogram-2.1.12.jar;C:\Users\RianRamosGomes\.m2\repository\org\latencyutils\LatencyUtils\2.0.3\LatencyUtils-2.0.3.jar;C:\Users\RianRamosGomes\.m2\repository\org\flywaydb\flyway-core\9.16.3\flyway-core-9.16.3.jar;C:\Users\RianRamosGomes\.m2\repository\com\fasterxml\jackson\dataformat\jackson-dataformat-toml\2.15.3\jackson-dataformat-toml-2.15.3.jar;C:\Users\RianRamosGomes\.m2\repository\org\asciidoctor\asciidoctorj\2.5.10\asciidoctorj-2.5.10.jar;C:\Users\RianRamosGomes\.m2\repository\org\asciidoctor\asciidoctorj-api\2.5.10\asciidoctorj-api-2.5.10.jar;C:\Users\RianRamosGomes\.m2\repository\org\jruby\jruby\9.4.3.0\jruby-9.4.3.0.jar;C:\Users\RianRamosGomes\.m2\repository\org\jruby\jruby-base\9.4.3.0\jruby-base-9.4.3.0.jar;C:\Users\RianRamosGomes\.m2\repository\org\ow2\asm\asm-commons\9.2\asm-commons-9.2.jar;C:\Users\RianRamosGomes\.m2\repository\org\ow2\asm\asm-tree\9.2\asm-tree-9.2.jar;C:\Users\RianRamosGomes\.m2\repository\org\ow2\asm\asm-analysis\9.2\asm-analysis-9.2.jar;C:\Users\RianRamosGomes\.m2\repository\org\ow2\asm\asm-util\9.2\asm-util-9.2.jar;C:\Users\RianRamosGomes\.m2\repository\com\github\jnr\jnr-netdb\1.2.0\jnr-netdb-1.2.0.jar;C:\Users\RianRamosGomes\.m2\repository\com\github\jnr\jnr-enxio\0.32.15\jnr-enxio-0.32.15.jar;C:\Users\RianRamosGomes\.m2\repository\com\github\jnr\jnr-unixsocket\0.38.20\jnr-unixsocket-0.38.20.jar;C:\Users\RianRamosGomes\.m2\repository\com\github\jnr\jnr-posix\3.1.17\jnr-posix-3.1.17.jar;C:\Users\RianRamosGomes\.m2\repository\com\github\jnr\jnr-constants\0.10.4\jnr-constants-0.10.4.jar;C:\Users\RianRamosGomes\.m2\repository\com\github\jnr\jnr-ffi\2.2.14\jnr-ffi-2.2.14.jar;C:\Users\RianRamosGomes\.m2\repository\com\github\jnr\jnr-a64asm\1.0.0\jnr-a64asm-1.0.0.jar;C:\Users\RianRamosGomes\.m2\repository\com\github\jnr\jnr-x86asm\1.0.2\jnr-x86asm-1.0.2.jar;C:\Users\RianRamosGomes\.m2\repository\com\github\jnr\jffi\1.3.11\jffi-1.3.11.jar;C:\Users\RianRamosGomes\.m2\repository\com\github\jnr\jffi\1.3.11\jffi-1.3.11-native.jar;C:\Users\RianRamosGomes\.m2\repository\org\jruby\joni\joni\2.2.1\joni-2.2.1.jar;C:\Users\RianRamosGomes\.m2\repository\org\jruby\jcodings\jcodings\1.0.58\jcodings-1.0.58.jar;C:\Users\RianRamosGomes\.m2\repository\org\jruby\dirgra\0.3\dirgra-0.3.jar;C:\Users\RianRamosGomes\.m2\repository\com\headius\invokebinder\1.13\invokebinder-1.13.jar;C:\Users\RianRamosGomes\.m2\repository\com\headius\options\1.6\options-1.6.jar;C:\Users\RianRamosGomes\.m2\repository\org\jruby\jzlib\1.1.5\jzlib-1.1.5.jar;C:\Users\RianRamosGomes\.m2\repository\joda-time\joda-time\2.12.5\joda-time-2.12.5.jar;C:\Users\RianRamosGomes\.m2\repository\me\qmx\jitescript\jitescript\0.4.1\jitescript-0.4.1.jar;C:\Users\RianRamosGomes\.m2\repository\com\headius\backport9\1.13\backport9-1.13.jar;C:\Users\RianRamosGomes\.m2\repository\org\jruby\jruby-stdlib\9.4.3.0\jruby-stdlib-9.4.3.0.jar;C:\Users\RianRamosGomes\.m2\repository\com\beust\jcommander\1.82\jcommander-1.82.jar;C:\Users\RianRamosGomes\.m2\repository\org\springframework\boot\spring-boot-starter-data-jpa\3.1.5\spring-boot-starter-data-jpa-3.1.5.jar;C:\Users\RianRamosGomes\.m2\repository\org\springframework\boot\spring-boot-starter-aop\3.1.5\spring-boot-starter-aop-3.1.5.jar;C:\Users\RianRamosGomes\.m2\repository\org\aspectj\aspectjweaver\1.9.20\aspectjweaver-1.9.20.jar;C:\Users\RianRamosGomes\.m2\repository\org\springframework\boot\spring-boot-starter-jdbc\3.1.5\spring-boot-starter-jdbc-3.1.5.jar;C:\Users\RianRamosGomes\.m2\repository\com\zaxxer\HikariCP\5.0.1\HikariCP-5.0.1.jar;C:\Users\RianRamosGomes\.m2\repository\org\springframework\spring-jdbc\6.0.13\spring-jdbc-6.0.13.jar;C:\Users\RianRamosGomes\.m2\repository\org\hibernate\orm\hibernate-core\6.2.13.Final\hibernate-core-6.2.13.Final.jar;C:\Users\RianRamosGomes\.m2\repository\jakarta\persistence\jakarta.persistence-api\3.1.0\jakarta.persistence-api-3.1.0.jar;C:\Users\RianRamosGomes\.m2\repository\jakarta\transaction\jakarta.transaction-api\2.0.1\jakarta.transaction-api-2.0.1.jar;C:\Users\RianRamosGomes\.m2\repository\org\hibernate\common\hibernate-commons-annotations\6.0.6.Final\hibernate-commons-annotations-6.0.6.Final.jar;C:\Users\RianRamosGomes\.m2\repository\io\smallrye\jandex\3.0.5\jandex-3.0.5.jar;C:\Users\RianRamosGomes\.m2\repository\net\bytebuddy\byte-buddy\1.14.9\byte-buddy-1.14.9.jar;C:\Users\RianRamosGomes\.m2\repository\org\glassfish\jaxb\jaxb-runtime\4.0.3\jaxb-runtime-4.0.3.jar;C:\Users\RianRamosGomes\.m2\repository\org\glassfish\jaxb\jaxb-core\4.0.3\jaxb-core-4.0.3.jar;C:\Users\RianRamosGomes\.m2\repository\org\glassfish\jaxb\txw2\4.0.3\txw2-4.0.3.jar;C:\Users\RianRamosGomes\.m2\repository\com\sun\istack\istack-commons-runtime\4.1.2\istack-commons-runtime-4.1.2.jar;C:\Users\RianRamosGomes\.m2\repository\jakarta\inject\jakarta.inject-api\2.0.1\jakarta.inject-api-2.0.1.jar;C:\Users\RianRamosGomes\.m2\repository\org\antlr\antlr4-runtime\4.10.1\antlr4-runtime-4.10.1.jar;C:\Users\RianRamosGomes\.m2\repository\org\springframework\data\spring-data-jpa\3.1.5\spring-data-jpa-3.1.5.jar;C:\Users\RianRamosGomes\.m2\repository\org\springframework\data\spring-data-commons\3.1.5\spring-data-commons-3.1.5.jar;C:\Users\RianRamosGomes\.m2\repository\org\springframework\spring-orm\6.0.13\spring-orm-6.0.13.jar;C:\Users\RianRamosGomes\.m2\repository\org\springframework\spring-tx\6.0.13\spring-tx-6.0.13.jar;C:\Users\RianRamosGomes\.m2\repository\org\springframework\spring-aspects\6.0.13\spring-aspects-6.0.13.jar;C:\Users\RianRamosGomes\.m2\repository\org\springframework\boot\spring-boot-starter-security\3.1.5\spring-boot-starter-security-3.1.5.jar;C:\Users\RianRamosGomes\.m2\repository\org\springframework\spring-aop\6.0.13\spring-aop-6.0.13.jar;C:\Users\RianRamosGomes\.m2\repository\org\springframework\security\spring-security-config\6.1.5\spring-security-config-6.1.5.jar;C:\Users\RianRamosGomes\.m2\repository\org\springframework\security\spring-security-web\6.1.5\spring-security-web-6.1.5.jar;C:\Users\RianRamosGomes\.m2\repository\org\springframework\boot\spring-boot-starter-thymeleaf\3.1.5\spring-boot-starter-thymeleaf-3.1.5.jar;C:\Users\RianRamosGomes\.m2\repository\org\thymeleaf\thymeleaf-spring6\3.1.1.RELEASE\thymeleaf-spring6-3.1.1.RELEASE.jar;C:\Users\RianRamosGomes\.m2\repository\org\thymeleaf\thymeleaf\3.1.1.RELEASE\thymeleaf-3.1.1.RELEASE.jar;C:\Users\RianRamosGomes\.m2\repository\org\attoparser\attoparser\2.0.6.RELEASE\attoparser-2.0.6.RELEASE.jar;C:\Users\RianRamosGomes\.m2\repository\org\unbescape\unbescape\1.1.6.RELEASE\unbescape-1.1.6.RELEASE.jar;C:\Users\RianRamosGomes\.m2\repository\org\thymeleaf\extras\thymeleaf-extras-springsecurity6\3.1.2.RELEASE\thymeleaf-extras-springsecurity6-3.1.2.RELEASE.jar;C:\Users\RianRamosGomes\.m2\repository\org\slf4j\slf4j-api\2.0.9\slf4j-api-2.0.9.jar;C:\Users\RianRamosGomes\.m2\repository\jakarta\servlet\jakarta.servlet-api\6.0.0\jakarta.servlet-api-6.0.0.jar;C:\Users\RianRamosGomes\.m2\repository\org\hsqldb\hsqldb\2.7.2\hsqldb-2.7.2.jar;C:\Users\RianRamosGomes\.m2\repository\org\jsoup\jsoup\1.16.1\jsoup-1.16.1.jar;C:\Users\RianRamosGomes\.m2\repository\com\nulab-inc\zxcvbn\1.8.0\zxcvbn-1.8.0.jar;C:\Users\RianRamosGomes\.m2\repository\com\thoughtworks\xstream\xstream\1.4.5\xstream-1.4.5.jar;C:\Users\RianRamosGomes\.m2\repository\xmlpull\xmlpull\1.1.3.1\xmlpull-1.1.3.1.jar;C:\Users\RianRamosGomes\.m2\repository\xpp3\xpp3_min\1.1.4c\xpp3_min-1.1.4c.jar;C:\Users\RianRamosGomes\.m2\repository\cglib\cglib-nodep\3.3.0\cglib-nodep-3.3.0.jar;C:\Users\RianRamosGomes\.m2\repository\xml-resolver\xml-resolver\1.2\xml-resolver-1.2.jar;C:\Users\RianRamosGomes\.m2\repository\io\jsonwebtoken\jjwt\0.9.1\jjwt-0.9.1.jar;C:\Users\RianRamosGomes\.m2\repository\com\fasterxml\jackson\core\jackson-databind\2.15.3\jackson-databind-2.15.3.jar;C:\Users\RianRamosGomes\.m2\repository\com\auth0\jwks-rsa\0.22.1\jwks-rsa-0.22.1.jar;C:\Users\RianRamosGomes\.m2\repository\com\auth0\java-jwt\4.4.0\java-jwt-4.4.0.jar;C:\Users\RianRamosGomes\.m2\repository\com\google\guava\guava\32.1.3-jre\guava-32.1.3-jre.jar;C:\Users\RianRamosGomes\.m2\repository\com\google\guava\failureaccess\1.0.1\failureaccess-1.0.1.jar;C:\Users\RianRamosGomes\.m2\repository\com\google\guava\listenablefuture\9999.0-empty-to-avoid-conflict-with-guava\listenablefuture-9999.0-empty-to-avoid-conflict-with-guava.jar;C:\Users\RianRamosGomes\.m2\repository\com\google\code\findbugs\jsr305\3.0.2\jsr305-3.0.2.jar;C:\Users\RianRamosGomes\.m2\repository\org\checkerframework\checker-qual\3.37.0\checker-qual-3.37.0.jar;C:\Users\RianRamosGomes\.m2\repository\com\google\errorprone\error_prone_annotations\2.21.1\error_prone_annotations-2.21.1.jar;C:\Users\RianRamosGomes\.m2\repository\com\google\j2objc\j2objc-annotations\2.8\j2objc-annotations-2.8.jar;C:\Users\RianRamosGomes\.m2\repository\commons-io\commons-io\2.14.0\commons-io-2.14.0.jar;C:\Users\RianRamosGomes\.m2\repository\org\apache\commons\commons-lang3\3.12.0\commons-lang3-3.12.0.jar;C:\Users\RianRamosGomes\.m2\repository\org\apache\commons\commons-text\1.10.0\commons-text-1.10.0.jar;C:\Users\RianRamosGomes\.m2\repository\org\bitbucket\b_c\jose4j\0.9.3\jose4j-0.9.3.jar;C:\Users\RianRamosGomes\.m2\repository\org\webjars\bootstrap\3.4.1\bootstrap-3.4.1.jar;C:\Users\RianRamosGomes\.m2\repository\org\webjars\jquery\3.7.0\jquery-3.7.0.jar;C:\Users\RianRamosGomes\.m2\repository\org\webjars\webjars-locator-core\0.53\webjars-locator-core-0.53.jar;C:\Users\RianRamosGomes\.m2\repository\io\github\classgraph\classgraph\4.8.149\classgraph-4.8.149.jar;C:\Users\RianRamosGomes\.m2\repository\com\fasterxml\jackson\core\jackson-core\2.15.3\jackson-core-2.15.3.jar;C:\Users\RianRamosGomes\.m2\repository\jakarta\xml\bind\jakarta.xml.bind-api\4.0.1\jakarta.xml.bind-api-4.0.1.jar;C:\Users\RianRamosGomes\.m2\repository\jakarta\activation\jakarta.activation-api\2.1.2\jakarta.activation-api-2.1.2.jar;C:\Users\RianRamosGomes\.m2\repository\com\sun\xml\bind\jaxb-impl\4.0.3\jaxb-impl-4.0.3.jar;C:\Users\RianRamosGomes\.m2\repository\com\sun\xml\bind\jaxb-core\4.0.3\jaxb-core-4.0.3.jar;C:\Users\RianRamosGomes\.m2\repository\org\eclipse\angus\angus-activation\2.0.1\angus-activation-2.0.1.jar;C:\Users\RianRamosGomes\.m2\repository\org\springframework\boot\spring-boot-starter-test\3.1.5\spring-boot-starter-test-3.1.5.jar;C:\Users\RianRamosGomes\.m2\repository\org\springframework\boot\spring-boot-test\3.1.5\spring-boot-test-3.1.5.jar;C:\Users\RianRamosGomes\.m2\repository\org\springframework\boot\spring-boot-test-autoconfigure\3.1.5\spring-boot-test-autoconfigure-3.1.5.jar;C:\Users\RianRamosGomes\.m2\repository\com\jayway\jsonpath\json-path\2.8.0\json-path-2.8.0.jar;C:\Users\RianRamosGomes\.m2\repository\net\minidev\json-smart\2.4.11\json-smart-2.4.11.jar;C:\Users\RianRamosGomes\.m2\repository\net\minidev\accessors-smart\2.4.11\accessors-smart-2.4.11.jar;C:\Users\RianRamosGomes\.m2\repository\org\assertj\assertj-core\3.24.2\assertj-core-3.24.2.jar;C:\Users\RianRamosGomes\.m2\repository\org\hamcrest\hamcrest\2.2\hamcrest-2.2.jar;C:\Users\RianRamosGomes\.m2\repository\org\junit\jupiter\junit-jupiter\5.9.3\junit-jupiter-5.9.3.jar;C:\Users\RianRamosGomes\.m2\repository\org\junit\jupiter\junit-jupiter-api\5.9.3\junit-jupiter-api-5.9.3.jar;C:\Users\RianRamosGomes\.m2\repository\org\opentest4j\opentest4j\1.2.0\opentest4j-1.2.0.jar;C:\Users\RianRamosGomes\.m2\repository\org\junit\platform\junit-platform-commons\1.9.3\junit-platform-commons-1.9.3.jar;C:\Users\RianRamosGomes\.m2\repository\org\apiguardian\apiguardian-api\1.1.2\apiguardian-api-1.1.2.jar;C:\Users\RianRamosGomes\.m2\repository\org\junit\jupiter\junit-jupiter-params\5.9.3\junit-jupiter-params-5.9.3.jar;C:\Users\RianRamosGomes\.m2\repository\org\junit\jupiter\junit-jupiter-engine\5.9.3\junit-jupiter-engine-5.9.3.jar;C:\Users\RianRamosGomes\.m2\repository\org\junit\platform\junit-platform-engine\1.9.3\junit-platform-engine-1.9.3.jar;C:\Users\RianRamosGomes\.m2\repository\org\mockito\mockito-core\5.3.1\mockito-core-5.3.1.jar;C:\Users\RianRamosGomes\.m2\repository\net\bytebuddy\byte-buddy-agent\1.14.9\byte-buddy-agent-1.14.9.jar;C:\Users\RianRamosGomes\.m2\repository\org\objenesis\objenesis\3.3\objenesis-3.3.jar;C:\Users\RianRamosGomes\.m2\repository\org\mockito\mockito-junit-jupiter\5.3.1\mockito-junit-jupiter-5.3.1.jar;C:\Users\RianRamosGomes\.m2\repository\org\skyscreamer\jsonassert\1.5.1\jsonassert-1.5.1.jar;C:\Users\RianRamosGomes\.m2\repository\com\vaadin\external\google\android-json\0.0.20131108.vaadin1\android-json-0.0.20131108.vaadin1.jar;C:\Users\RianRamosGomes\.m2\repository\org\springframework\spring-core\6.0.13\spring-core-6.0.13.jar;C:\Users\RianRamosGomes\.m2\repository\org\springframework\spring-jcl\6.0.13\spring-jcl-6.0.13.jar;C:\Users\RianRamosGomes\.m2\repository\org\springframework\spring-test\6.0.13\spring-test-6.0.13.jar;C:\Users\RianRamosGomes\.m2\repository\org\xmlunit\xmlunit-core\2.9.1\xmlunit-core-2.9.1.jar;C:\Users\RianRamosGomes\.m2\repository\org\springframework\security\spring-security-test\6.1.5\spring-security-test-6.1.5.jar;C:\Users\RianRamosGomes\.m2\repository\org\springframework\security\spring-security-core\6.1.5\spring-security-core-6.1.5.jar;C:\Users\RianRamosGomes\.m2\repository\org\springframework\security\spring-security-crypto\6.1.5\spring-security-crypto-6.1.5.jar;C:\Users\RianRamosGomes\.m2\repository\com\github\tomakehurst\wiremock\3.0.0-beta-2\wiremock-3.0.0-beta-2.jar;C:\Users\RianRamosGomes\.m2\repository\org\eclipse\jetty\jetty-server\11.0.17\jetty-server-11.0.17.jar;C:\Users\RianRamosGomes\.m2\repository\org\eclipse\jetty\toolchain\jetty-jakarta-servlet-api\5.0.2\jetty-jakarta-servlet-api-5.0.2.jar;C:\Users\RianRamosGomes\.m2\repository\org\eclipse\jetty\jetty-http\11.0.17\jetty-http-11.0.17.jar;C:\Users\RianRamosGomes\.m2\repository\org\eclipse\jetty\jetty-io\11.0.17\jetty-io-11.0.17.jar;C:\Users\RianRamosGomes\.m2\repository\org\eclipse\jetty\jetty-servlet\11.0.17\jetty-servlet-11.0.17.jar;C:\Users\RianRamosGomes\.m2\repository\org\eclipse\jetty\jetty-security\11.0.17\jetty-security-11.0.17.jar;C:\Users\RianRamosGomes\.m2\repository\org\eclipse\jetty\jetty-servlets\11.0.17\jetty-servlets-11.0.17.jar;C:\Users\RianRamosGomes\.m2\repository\org\eclipse\jetty\jetty-util\11.0.17\jetty-util-11.0.17.jar;C:\Users\RianRamosGomes\.m2\repository\org\eclipse\jetty\jetty-webapp\11.0.17\jetty-webapp-11.0.17.jar;C:\Users\RianRamosGomes\.m2\repository\org\eclipse\jetty\jetty-xml\11.0.17\jetty-xml-11.0.17.jar;C:\Users\RianRamosGomes\.m2\repository\org\eclipse\jetty\jetty-proxy\11.0.17\jetty-proxy-11.0.17.jar;C:\Users\RianRamosGomes\.m2\repository\org\eclipse\jetty\jetty-client\11.0.17\jetty-client-11.0.17.jar;C:\Users\RianRamosGomes\.m2\repository\org\eclipse\jetty\http2\http2-server\11.0.17\http2-server-11.0.17.jar;C:\Users\RianRamosGomes\.m2\repository\org\eclipse\jetty\http2\http2-common\11.0.17\http2-common-11.0.17.jar;C:\Users\RianRamosGomes\.m2\repository\org\eclipse\jetty\http2\http2-hpack\11.0.17\http2-hpack-11.0.17.jar;C:\Users\RianRamosGomes\.m2\repository\org\eclipse\jetty\jetty-alpn-server\11.0.17\jetty-alpn-server-11.0.17.jar;C:\Users\RianRamosGomes\.m2\repository\org\eclipse\jetty\jetty-alpn-java-server\11.0.17\jetty-alpn-java-server-11.0.17.jar;C:\Users\RianRamosGomes\.m2\repository\org\eclipse\jetty\jetty-alpn-java-client\11.0.17\jetty-alpn-java-client-11.0.17.jar;C:\Users\RianRamosGomes\.m2\repository\org\eclipse\jetty\jetty-alpn-client\11.0.17\jetty-alpn-client-11.0.17.jar;C:\Users\RianRamosGomes\.m2\repository\com\fasterxml\jackson\core\jackson-annotations\2.15.3\jackson-annotations-2.15.3.jar;C:\Users\RianRamosGomes\.m2\repository\org\apache\httpcomponents\client5\httpclient5\5.2.1\httpclient5-5.2.1.jar;C:\Users\RianRamosGomes\.m2\repository\org\apache\httpcomponents\core5\httpcore5\5.2.3\httpcore5-5.2.3.jar;C:\Users\RianRamosGomes\.m2\repository\org\apache\httpcomponents\core5\httpcore5-h2\5.2.3\httpcore5-h2-5.2.3.jar;C:\Users\RianRamosGomes\.m2\repository\org\xmlunit\xmlunit-legacy\2.9.1\xmlunit-legacy-2.9.1.jar;C:\Users\RianRamosGomes\.m2\repository\org\xmlunit\xmlunit-placeholders\2.9.1\xmlunit-placeholders-2.9.1.jar;C:\Users\RianRamosGomes\.m2\repository\net\javacrumbs\json-unit\json-unit-core\2.36.0\json-unit-core-2.36.0.jar;C:\Users\RianRamosGomes\.m2\repository\org\hamcrest\hamcrest-core\2.2\hamcrest-core-2.2.jar;C:\Users\RianRamosGomes\.m2\repository\org\ow2\asm\asm\9.5\asm-9.5.jar;C:\Users\RianRamosGomes\.m2\repository\net\sf\jopt-simple\jopt-simple\5.0.4\jopt-simple-5.0.4.jar;C:\Users\RianRamosGomes\.m2\repository\com\github\jknack\handlebars\4.3.1\handlebars-4.3.1.jar;C:\Users\RianRamosGomes\.m2\repository\com\github\jknack\handlebars-helpers\4.3.1\handlebars-helpers-4.3.1.jar;C:\Users\RianRamosGomes\.m2\repository\commons-fileupload\commons-fileupload\1.4\commons-fileupload-1.4.jar;C:\Users\RianRamosGomes\.m2\repository\io\rest-assured\rest-assured\5.3.2\rest-assured-5.3.2.jar;C:\Users\RianRamosGomes\.m2\repository\org\apache\groovy\groovy\4.0.15\groovy-4.0.15.jar;C:\Users\RianRamosGomes\.m2\repository\org\apache\groovy\groovy-xml\4.0.15\groovy-xml-4.0.15.jar;C:\Users\RianRamosGomes\.m2\repository\org\apache\httpcomponents\httpclient\4.5.13\httpclient-4.5.13.jar;C:\Users\RianRamosGomes\.m2\repository\org\apache\httpcomponents\httpcore\4.4.16\httpcore-4.4.16.jar;C:\Users\RianRamosGomes\.m2\repository\commons-logging\commons-logging\1.2\commons-logging-1.2.jar;C:\Users\RianRamosGomes\.m2\repository\commons-codec\commons-codec\1.15\commons-codec-1.15.jar;C:\Users\RianRamosGomes\.m2\repository\org\apache\httpcomponents\httpmime\4.5.13\httpmime-4.5.13.jar;C:\Users\RianRamosGomes\.m2\repository\org\ccil\cowan\tagsoup\tagsoup\1.2.1\tagsoup-1.2.1.jar;C:\Users\RianRamosGomes\.m2\repository\io\rest-assured\json-path\5.3.2\json-path-5.3.2.jar;C:\Users\RianRamosGomes\.m2\repository\org\apache\groovy\groovy-json\4.0.15\groovy-json-4.0.15.jar;C:\Users\RianRamosGomes\.m2\repository\io\rest-assured\rest-assured-common\5.3.2\rest-assured-common-5.3.2.jar;C:\Users\RianRamosGomes\.m2\repository\io\rest-assured\xml-path\5.3.2\xml-path-5.3.2.jar;C:\Users\RianRamosGomes\.m2\repository\org\springframework\boot\spring-boot-properties-migrator\3.1.5\spring-boot-properties-migrator-3.1.5.jar;C:\Users\RianRamosGomes\.m2\repository\org\springframework\boot\spring-boot\3.1.5\spring-boot-3.1.5.jar;C:\Users\RianRamosGomes\.m2\repository\org\springframework\boot\spring-boot-configuration-metadata\3.1.5\spring-boot-configuration-metadata-3.1.5.jar;"/>
    <property name="sun.cpu.endian" value="little"/>
    <property name="user.home" value="C:\Users\RianRamosGomes"/>
    <property name="user.language" value="pt"/>
    <property name="java.specification.vendor" value="Oracle Corporation"/>
    <property name="java.version.date" value="2023-10-17"/>
    <property name="java.home" value="C:\tools\jdk-21_windows-x64_bin\jdk-21.0.1"/>
    <property name="file.separator" value="\"/>
    <property name="basedir" value="C:\Users\RianRamosGomes\Downloads\WebGoat"/>
    <property name="java.vm.compressedOopsMode" value="Zero based"/>
    <property name="line.separator" value="&#10;"/>
    <property name="java.vm.specification.vendor" value="Oracle Corporation"/>
    <property name="java.specification.name" value="Java Platform API Specification"/>
    <property name="FILE_LOG_CHARSET" value="UTF-8"/>
    <property name="java.awt.headless" value="true"/>
    <property name="surefire.real.class.path" value="C:\Users\RianRamosGomes\AppData\Local\Temp\surefire4960187997480887985\surefirebooter-20240327162158051_3.jar"/>
    <property name="user.script" value=""/>
    <property name="sun.management.compiler" value="HotSpot 64-Bit Tiered Compilers"/>
    <property name="org.eclipse.jetty.http.HttpGenerator.STRICT" value="true"/>
    <property name="java.runtime.version" value="21.0.1+12-LTS-29"/>
    <property name="user.name" value="RianRamosGomes"/>
    <property name="stdout.encoding" value="Cp1252"/>
    <property name="path.separator" value=";"/>
    <property name="os.version" value="10.0"/>
    <property name="java.runtime.name" value="Java(TM) SE Runtime Environment"/>
    <property name="file.encoding" value="UTF-8"/>
    <property name="java.vm.name" value="Java HotSpot(TM) 64-Bit Server VM"/>
    <property name="localRepository" value="C:\Users\RianRamosGomes\.m2\repository"/>
    <property name="javax.xml.xpath.XPathFactory:http://java.sun.com/jaxp/xpath/dom" value="com.sun.org.apache.xpath.internal.jaxp.XPathFactoryImpl"/>
    <property name="java.vendor.url.bug" value="https://bugreport.java.com/bugreport/"/>
    <property name="jetty.git.hash" value="48e7716b9462bebea6732b885dbebb4300787a5c"/>
    <property name="java.io.tmpdir" value="C:\Users\RIANRA~1\AppData\Local\Temp\"/>
    <property name="java.version" value="21.0.1"/>
    <property name="user.dir" value="C:\Users\RianRamosGomes\Downloads\WebGoat"/>
    <property name="os.arch" value="amd64"/>
    <property name="java.vm.specification.name" value="Java Virtual Machine Specification"/>
    <property name="PID" value="32476"/>
    <property name="sun.os.patch.level" value=""/>
    <property name="CONSOLE_LOG_CHARSET" value="UTF-8"/>
    <property name="native.encoding" value="Cp1252"/>
    <property name="java.library.path" value="C:\tools\jdk-21_windows-x64_bin\jdk-21.0.1\bin;C:\Windows\Sun\Java\bin;C:\Windows\system32;C:\Windows;C:\tools\23_2_0\bin;C:\tools\sca_tools\bin;C:\tools\SCA\bin;C:\tools\jdk-21_windows-x64_bin\jdk-21.0.1\bin;C:\Python38\Scripts\;C:\Python38\;C:\Windows\system32;C:\Windows;C:\Windows\System32\Wbem;C:\Windows\System32\WindowsPowerShell\v1.0\;C:\Windows\System32\OpenSSH\;C:\HashiCorp\Vagrant\bin;C:\ProgramData\chocolatey\bin;C:\Program Files\nodejs\;C:\Program Files\Git\cmd;C:\Program Files\dotnet\;C:\Program Files (x86)\Intel\Intel(R) Management Engine Components\DAL;C:\Program Files\Intel\Intel(R) Management Engine Components\DAL;C:\tools\maven\bin;C:\Program Files\Docker\Docker\resources\bin;C:\Users\RianRamosGomes\AppData\Local\Microsoft\WindowsApps;C:\Users\RianRamosGomes\AppData\Local\Programs\Microsoft VS Code\bin;C:\Users\RianRamosGomes\AppData\Roaming\npm;C:\Users\RianRamosGomes\.dotnet\tools;C:\Users\RianRamosGomes\Downloads\synopsys-bridge-win64-0.2.55;;C:\Program Files\JetBrains\IntelliJ IDEA Community Edition 2023.3.2\bin;;."/>
    <property name="java.vm.info" value="mixed mode, sharing"/>
    <property name="stderr.encoding" value="Cp1252"/>
    <property name="java.vendor" value="Oracle Corporation"/>
    <property name="java.vm.version" value="21.0.1+12-LTS-29"/>
    <property name="sun.io.unicode.encoding" value="UnicodeLittle"/>
    <property name="javax.xml.transform.TransformerFactory" value="com.sun.org.apache.xalan.internal.xsltc.trax.TransformerFactoryImpl"/>
    <property name="java.class.version" value="65.0"/>
  </properties>
  <testcase name="oneAccount" classname="org.owasp.webgoat.lessons.sqlinjection.introduction.SqlInjectionLesson8Test" time="0.02">
    <system-err><![CDATA[user lacks privilege or object not found: ACCESS_LOG
]]></system-err>
  </testcase>
  <testcase name="multipleAccounts" classname="org.owasp.webgoat.lessons.sqlinjection.introduction.SqlInjectionLesson8Test" time="0.038">
    <system-err><![CDATA[user lacks privilege or object not found: ACCESS_LOG
]]></system-err>
  </testcase>
  <testcase name="malformedQueryReturnsError" classname="org.owasp.webgoat.lessons.sqlinjection.introduction.SqlInjectionLesson8Test" time="0.03">
    <system-err><![CDATA[user lacks privilege or object not found: ACCESS_LOG
]]></system-err>
  </testcase>
  <testcase name="wrongNameReturnsNoAccounts" classname="org.owasp.webgoat.lessons.sqlinjection.introduction.SqlInjectionLesson8Test" time="0.041">
    <system-err><![CDATA[user lacks privilege or object not found: ACCESS_LOG
]]></system-err>
  </testcase>
  <testcase name="wrongTANReturnsNoAccounts" classname="org.owasp.webgoat.lessons.sqlinjection.introduction.SqlInjectionLesson8Test" time="0.03">
    <system-err><![CDATA[user lacks privilege or object not found: ACCESS_LOG
]]></system-err>
  </testcase>
</testsuite>